c:\users\joker\source\repos\calculator\calculator\debug\vc141.pdb
c:\users\joker\source\repos\calculator\calculator\debug\vc141.idb
c:\users\joker\source\repos\calculator\calculator\debug\calculator.obj
c:\users\joker\source\repos\calculator\calculator\debug\judgement.obj
c:\users\joker\source\repos\calculator\debug\calculator.pdb
c:\users\joker\source\repos\calculator\calculator\debug\calculator.tlog\cl.command.1.tlog
c:\users\joker\source\repos\calculator\calculator\debug\calculator.tlog\cl.read.1.tlog
c:\users\joker\source\repos\calculator\calculator\debug\calculator.tlog\cl.write.1.tlog
c:\users\joker\source\repos\calculator\calculator\debug\calculator.tlog\link-cvtres.read.1.tlog
c:\users\joker\source\repos\calculator\calculator\debug\calculator.tlog\link-cvtres.write.1.tlog
c:\users\joker\source\repos\calculator\calculator\debug\calculator.tlog\link-rc.read.1.tlog
c:\users\joker\source\repos\calculator\calculator\debug\calculator.tlog\link-rc.write.1.tlog
c:\users\joker\source\repos\calculator\calculator\debug\calculator.tlog\link.15616-cvtres.read.1.tlog
c:\users\joker\source\repos\calculator\calculator\debug\calculator.tlog\link.15616-cvtres.write.1.tlog
c:\users\joker\source\repos\calculator\calculator\debug\calculator.tlog\link.15616-rc.read.1.tlog
c:\users\joker\source\repos\calculator\calculator\debug\calculator.tlog\link.15616-rc.write.1.tlog
c:\users\joker\source\repos\calculator\calculator\debug\calculator.tlog\link.15616.read.1.tlog
c:\users\joker\source\repos\calculator\calculator\debug\calculator.tlog\link.15616.write.1.tlog
c:\users\joker\source\repos\calculator\calculator\debug\calculator.tlog\link.command.1.tlog
c:\users\joker\source\repos\calculator\calculator\debug\calculator.tlog\link.read.1.tlog
c:\users\joker\source\repos\calculator\calculator\debug\calculator.tlog\link.write.1.tlog
